# JRE version: Java(TM) SE Runtime Environment (8.0_73-b02) (build 1.8.0_73-b02)
# Java VM: Java HotSpot(TM) 64-Bit Server VM (25.73-b02 mixed mode bsd-amd64 compressed oops)
Heap:
 PSYoungGen      total 114176K, used 97101K [0x0000000795580000, 0x000000079d880000, 0x00000007c0000000)
  eden space 103936K, 93% used [0x0000000795580000,0x000000079b4535a8,0x000000079bb00000)
  from space 10240K, 0% used [0x000000079c880000,0x000000079c880000,0x000000079d280000)
  to   space 13824K, 0% used [0x000000079bb00000,0x000000079bb00000,0x000000079c880000)
 ParOldGen       total 91648K, used 17797K [0x0000000740000000, 0x0000000745980000, 0x0000000795580000)
  object space 91648K, 19% used [0x0000000740000000,0x0000000741161480,0x0000000745980000)
 Metaspace       used 43285K, capacity 45680K, committed 45824K, reserved 1089536K
  class space    used 5666K, capacity 6083K, committed 6144K, reserved 1048576K
GC Heap History (10 events):
Event: 2.742 GC heap before
{Heap before GC invocations=4 (full 0):
 PSYoungGen      total 38400K, used 17146K [0x0000000795580000, 0x000000079a080000, 0x00000007c0000000)
  eden space 33280K, 36% used [0x0000000795580000,0x0000000796144570,0x0000000797600000)
  from space 5120K, 99% used [0x0000000797600000,0x0000000797afa368,0x0000000797b00000)
  to   space 5120K, 0% used [0x0000000799b80000,0x0000000799b80000,0x000000079a080000)
 ParOldGen       total 87552K, used 4877K [0x0000000740000000, 0x0000000745580000, 0x0000000795580000)
  object space 87552K, 5% used [0x0000000740000000,0x00000007404c3590,0x0000000745580000)
 Metaspace       used 20698K, capacity 21158K, committed 21248K, reserved 1067008K
  class space    used 2640K, capacity 2790K, committed 2816K, reserved 1048576K
Event: 2.753 GC heap after
Heap after GC invocations=4 (full 0):
 PSYoungGen      total 71680K, used 5108K [0x0000000795580000, 0x000000079a080000, 0x00000007c0000000)
  eden space 66560K, 0% used [0x0000000795580000,0x0000000795580000,0x0000000799680000)
  from space 5120K, 99% used [0x0000000799b80000,0x000000079a07d200,0x000000079a080000)
  to   space 5120K, 0% used [0x0000000799680000,0x0000000799680000,0x0000000799b80000)
 ParOldGen       total 87552K, used 5454K [0x0000000740000000, 0x0000000745580000, 0x0000000795580000)
  object space 87552K, 6% used [0x0000000740000000,0x00000007405538c8,0x0000000745580000)
 Metaspace       used 20698K, capacity 21158K, committed 21248K, reserved 1067008K
  class space    used 2640K, capacity 2790K, committed 2816K, reserved 1048576K
}
Event: 2.753 GC heap before
{Heap before GC invocations=5 (full 1):
 PSYoungGen      total 71680K, used 5108K [0x0000000795580000, 0x000000079a080000, 0x00000007c0000000)
  eden space 66560K, 0% used [0x0000000795580000,0x0000000795580000,0x0000000799680000)
  from space 5120K, 99% used [0x0000000799b80000,0x000000079a07d200,0x000000079a080000)
  to   space 5120K, 0% used [0x0000000799680000,0x0000000799680000,0x0000000799b80000)
 ParOldGen       total 87552K, used 5454K [0x0000000740000000, 0x0000000745580000, 0x0000000795580000)
  object space 87552K, 6% used [0x0000000740000000,0x00000007405538c8,0x0000000745580000)
 Metaspace       used 20698K, capacity 21158K, committed 21248K, reserved 1067008K
  class space    used 2640K, capacity 2790K, committed 2816K, reserved 1048576K
Event: 2.794 GC heap after
Heap after GC invocations=5 (full 1):
 PSYoungGen      total 71680K, used 0K [0x0000000795580000, 0x000000079a080000, 0x00000007c0000000)
  eden space 66560K, 0% used [0x0000000795580000,0x0000000795580000,0x0000000799680000)
  from space 5120K, 0% used [0x0000000799b80000,0x0000000799b80000,0x000000079a080000)
  to   space 5120K, 0% used [0x0000000799680000,0x0000000799680000,0x0000000799b80000)
 ParOldGen       total 54272K, used 5528K [0x0000000740000000, 0x0000000743500000, 0x0000000795580000)
  object space 54272K, 10% used [0x0000000740000000,0x00000007405660f0,0x0000000743500000)
 Metaspace       used 20696K, capacity 21152K, committed 21248K, reserved 1067008K
  class space    used 2639K, capacity 2789K, committed 2816K, reserved 1048576K
}
Event: 4.529 GC heap before
{Heap before GC invocations=6 (full 1):
 PSYoungGen      total 71680K, used 66560K [0x0000000795580000, 0x000000079a080000, 0x00000007c0000000)
  eden space 66560K, 100% used [0x0000000795580000,0x0000000799680000,0x0000000799680000)
  from space 5120K, 0% used [0x0000000799b80000,0x0000000799b80000,0x000000079a080000)
  to   space 5120K, 0% used [0x0000000799680000,0x0000000799680000,0x0000000799b80000)
 ParOldGen       total 54272K, used 5528K [0x0000000740000000, 0x0000000743500000, 0x0000000795580000)
  object space 54272K, 10% used [0x0000000740000000,0x00000007405660f0,0x0000000743500000)
 Metaspace       used 27956K, capacity 28856K, committed 29184K, reserved 1075200K
  class space    used 3562K, capacity 3771K, committed 3840K, reserved 1048576K
Event: 4.547 GC heap after
Heap after GC invocations=6 (full 1):
 PSYoungGen      total 71680K, used 5115K [0x0000000795580000, 0x000000079d280000, 0x00000007c0000000)
  eden space 66560K, 0% used [0x0000000795580000,0x0000000795580000,0x0000000799680000)
  from space 5120K, 99% used [0x0000000799680000,0x0000000799b7efc8,0x0000000799b80000)
  to   space 10240K, 0% used [0x000000079c880000,0x000000079c880000,0x000000079d280000)
 ParOldGen       total 54272K, used 9467K [0x0000000740000000, 0x0000000743500000, 0x0000000795580000)
  object space 54272K, 17% used [0x0000000740000000,0x000000074093efb0,0x0000000743500000)
 Metaspace       used 27956K, capacity 28856K, committed 29184K, reserved 1075200K
  class space    used 3562K, capacity 3771K, committed 3840K, reserved 1048576K
}
Event: 5.679 GC heap before
{Heap before GC invocations=7 (full 1):
 PSYoungGen      total 71680K, used 49207K [0x0000000795580000, 0x000000079d280000, 0x00000007c0000000)
  eden space 66560K, 66% used [0x0000000795580000,0x000000079808ef20,0x0000000799680000)
  from space 5120K, 99% used [0x0000000799680000,0x0000000799b7efc8,0x0000000799b80000)
  to   space 10240K, 0% used [0x000000079c880000,0x000000079c880000,0x000000079d280000)
 ParOldGen       total 54272K, used 9467K [0x0000000740000000, 0x0000000743500000, 0x0000000795580000)
  object space 54272K, 17% used [0x0000000740000000,0x000000074093efb0,0x0000000743500000)
 Metaspace       used 33946K, capacity 35314K, committed 35416K, reserved 1081344K
  class space    used 4295K, capacity 4562K, committed 4608K, reserved 1048576K
Event: 5.697 GC heap after
Heap after GC invocations=7 (full 1):
 PSYoungGen      total 114176K, used 10238K [0x0000000795580000, 0x000000079d880000, 0x00000007c0000000)
  eden space 103936K, 0% used [0x0000000795580000,0x0000000795580000,0x000000079bb00000)
  from space 10240K, 99% used [0x000000079c880000,0x000000079d27f950,0x000000079d280000)
  to   space 13824K, 0% used [0x000000079bb00000,0x000000079bb00000,0x000000079c880000)
 ParOldGen       total 54272K, used 13259K [0x0000000740000000, 0x0000000743500000, 0x0000000795580000)
  object space 54272K, 24% used [0x0000000740000000,0x0000000740cf2e88,0x0000000743500000)
 Metaspace       used 33946K, capacity 35314K, committed 35416K, reserved 1081344K
  class space    used 4295K, capacity 4562K, committed 4608K, reserved 1048576K
}
Event: 5.698 GC heap before
{Heap before GC invocations=8 (full 2):
 PSYoungGen      total 114176K, used 10238K [0x0000000795580000, 0x000000079d880000, 0x00000007c0000000)
  eden space 103936K, 0% used [0x0000000795580000,0x0000000795580000,0x000000079bb00000)
  from space 10240K, 99% used [0x000000079c880000,0x000000079d27f950,0x000000079d280000)
  to   space 13824K, 0% used [0x000000079bb00000,0x000000079bb00000,0x000000079c880000)
 ParOldGen       total 54272K, used 13259K [0x0000000740000000, 0x0000000743500000, 0x0000000795580000)
  object space 54272K, 24% used [0x0000000740000000,0x0000000740cf2e88,0x0000000743500000)
 Metaspace       used 33946K, capacity 35314K, committed 35416K, reserved 1081344K
  class space    used 4295K, capacity 4562K, committed 4608K, reserved 1048576K
Event: 5.788 GC heap after
Heap after GC invocations=8 (full 2):
 PSYoungGen      total 114176K, used 0K [0x0000000795580000, 0x000000079d880000, 0x00000007c0000000)
  eden space 103936K, 0% used [0x0000000795580000,0x0000000795580000,0x000000079bb00000)
  from space 10240K, 0% used [0x000000079c880000,0x000000079c880000,0x000000079d280000)
  to   space 13824K, 0% used [0x000000079bb00000,0x000000079bb00000,0x000000079c880000)
 ParOldGen       total 91648K, used 17797K [0x0000000740000000, 0x0000000745980000, 0x0000000795580000)
  object space 91648K, 19% used [0x0000000740000000,0x0000000741161480,0x0000000745980000)
 Metaspace       used 33946K, capacity 35314K, committed 35416K, reserved 1081344K
  class space    used 4295K, capacity 4562K, committed 4608K, reserved 1048576K
}

